This is pdfTeX, Version 3.14159265-2.6-1.40.20 (TeX Live 2019) (preloaded format=pdflatex 2019.10.17)  18 OCT 2019 16:36
entering extended mode
 restricted \write18 enabled.
 %&-line parsing enabled.
**&pdflatex prv_answer1.ini \nonstopmode\nofiles\PassOptionsToPackage{active,tightpage,auctex}{preview}\AtBeginDocument{\ifx\ifPreview\undefined\RequirePackage[displaymath,floats,graphics,textmath,sections,footnotes]{preview}[2004/11/05]\fi} \input {\detokenize{ answer1.tex }}
(./prv_answer1.ini
LaTeX2e <2018-12-01>
(/usr/local/texlive/2019/texmf-dist/tex/latex/carlisle/mylatex.ltx) (/usr/local/texlive/2019/texmf-dist/tex/latex/tools/.tex File ignored))
No auxiliary output files.


! LaTeX Error: File ` answer1.tex ' not found.

Type X to quit or <RETURN> to proceed,
or enter new name. (Default extension: tex )

Enter file name: 
! Emergency stop.
<read *> 
         
<*> ...05]\fi} \input {\detokenize{ answer1.tex }}
                                                  ^^M
*** (cannot \read from terminal in nonstop modes)

 
Here is how much of TeX's memory you used:
 26 strings out of 492616
 657 string characters out of 6129480
 57154 words of memory out of 5000000
 4038 multiletter control sequences out of 15000+600000
 3640 words of font info for 14 fonts, out of 8000000 for 9000
 1141 hyphenation exceptions out of 8191
 5i,0n,6p,409b,12s stack positions out of 5000i,500n,10000p,200000b,80000s
!  ==> Fatal error occurred, no output PDF file produced!
